Determining if the function crc32c_value exists in the crc32c failed with the following output:
Change Dir: /home/z/CWorkspace/leveldb/cmake-build-debug/CMakeFiles/CMakeTmp

Run Build Command(s):/usr/bin/make cmTC_d4151/fast && /usr/bin/make -f CMakeFiles/cmTC_d4151.dir/build.make CMakeFiles/cmTC_d4151.dir/build
make[1]: Entering directory '/home/z/CWorkspace/leveldb/cmake-build-debug/CMakeFiles/CMakeTmp'
Building C object CMakeFiles/cmTC_d4151.dir/CheckFunctionExists.c.o
/usr/bin/cc   -DCHECK_FUNCTION_EXISTS=crc32c_value   -std=c11 -o CMakeFiles/cmTC_d4151.dir/CheckFunctionExists.c.o   -c /home/z/software/clion-2019.3.3/bin/cmake/linux/share/cmake-3.15/Modules/CheckFunctionExists.c
Linking C executable cmTC_d4151
/home/z/software/clion-2019.3.3/bin/cmake/linux/bin/cmake -E cmake_link_script CMakeFiles/cmTC_d4151.dir/link.txt --verbose=1
/usr/bin/cc  -DCHECK_FUNCTION_EXISTS=crc32c_value    CMakeFiles/cmTC_d4151.dir/CheckFunctionExists.c.o  -o cmTC_d4151 -lcrc32c 
/usr/bin/ld: cannot find -lcrc32c
collect2: error: ld returned 1 exit status
CMakeFiles/cmTC_d4151.dir/build.make:86: recipe for target 'cmTC_d4151' failed
make[1]: *** [cmTC_d4151] Error 1
make[1]: Leaving directory '/home/z/CWorkspace/leveldb/cmake-build-debug/CMakeFiles/CMakeTmp'
Makefile:121: recipe for target 'cmTC_d4151/fast' failed
make: *** [cmTC_d4151/fast] Error 2



Determining if the function snappy_compress exists in the snappy failed with the following output:
Change Dir: /home/z/CWorkspace/leveldb/cmake-build-debug/CMakeFiles/CMakeTmp

Run Build Command(s):/usr/bin/make cmTC_3bc56/fast && /usr/bin/make -f CMakeFiles/cmTC_3bc56.dir/build.make CMakeFiles/cmTC_3bc56.dir/build
make[1]: Entering directory '/home/z/CWorkspace/leveldb/cmake-build-debug/CMakeFiles/CMakeTmp'
Building C object CMakeFiles/cmTC_3bc56.dir/CheckFunctionExists.c.o
/usr/bin/cc   -DCHECK_FUNCTION_EXISTS=snappy_compress   -std=c11 -o CMakeFiles/cmTC_3bc56.dir/CheckFunctionExists.c.o   -c /home/z/software/clion-2019.3.3/bin/cmake/linux/share/cmake-3.15/Modules/CheckFunctionExists.c
Linking C executable cmTC_3bc56
/home/z/software/clion-2019.3.3/bin/cmake/linux/bin/cmake -E cmake_link_script CMakeFiles/cmTC_3bc56.dir/link.txt --verbose=1
/usr/bin/cc  -DCHECK_FUNCTION_EXISTS=snappy_compress    CMakeFiles/cmTC_3bc56.dir/CheckFunctionExists.c.o  -o cmTC_3bc56 -lsnappy 
/usr/bin/ld: cannot find -lsnappy
collect2: error: ld returned 1 exit status
CMakeFiles/cmTC_3bc56.dir/build.make:86: recipe for target 'cmTC_3bc56' failed
make[1]: *** [cmTC_3bc56] Error 1
make[1]: Leaving directory '/home/z/CWorkspace/leveldb/cmake-build-debug/CMakeFiles/CMakeTmp'
Makefile:121: recipe for target 'cmTC_3bc56/fast' failed
make: *** [cmTC_3bc56/fast] Error 2



Determining if the F_FULLFSYNC exist failed with the following output:
Change Dir: /home/z/CWorkspace/leveldb/cmake-build-debug/CMakeFiles/CMakeTmp

Run Build Command(s):/usr/bin/make cmTC_4fa15/fast && /usr/bin/make -f CMakeFiles/cmTC_4fa15.dir/build.make CMakeFiles/cmTC_4fa15.dir/build
make[1]: Entering directory '/home/z/CWorkspace/leveldb/cmake-build-debug/CMakeFiles/CMakeTmp'
Building CXX object CMakeFiles/cmTC_4fa15.dir/CheckSymbolExists.cxx.o
/usr/bin/c++    -std=c++11 -o CMakeFiles/cmTC_4fa15.dir/CheckSymbolExists.cxx.o -c /home/z/CWorkspace/leveldb/cmake-build-debug/CMakeFiles/CMakeTmp/CheckSymbolExists.cxx
/home/z/CWorkspace/leveldb/cmake-build-debug/CMakeFiles/CMakeTmp/CheckSymbolExists.cxx: In function ‘int main(int, char**)’:
/home/z/CWorkspace/leveldb/cmake-build-debug/CMakeFiles/CMakeTmp/CheckSymbolExists.cxx:8:19: error: ‘F_FULLFSYNC’ was not declared in this scope
   return ((int*)(&F_FULLFSYNC))[argc];
                   ^
CMakeFiles/cmTC_4fa15.dir/build.make:65: recipe for target 'CMakeFiles/cmTC_4fa15.dir/CheckSymbolExists.cxx.o' failed
make[1]: *** [CMakeFiles/cmTC_4fa15.dir/CheckSymbolExists.cxx.o] Error 1
make[1]: Leaving directory '/home/z/CWorkspace/leveldb/cmake-build-debug/CMakeFiles/CMakeTmp'
Makefile:121: recipe for target 'cmTC_4fa15/fast' failed
make: *** [cmTC_4fa15/fast] Error 2


File /home/z/CWorkspace/leveldb/cmake-build-debug/CMakeFiles/CMakeTmp/CheckSymbolExists.cxx:
/* */
#include <fcntl.h>

int main(int argc, char** argv)
{
  (void)argv;
#ifndef F_FULLFSYNC
  return ((int*)(&F_FULLFSYNC))[argc];
#else
  (void)argc;
  return 0;
#endif
}

Performing C++ SOURCE FILE Test HAVE_CLANG_THREAD_SAFETY failed with the following output:
Change Dir: /home/z/CWorkspace/leveldb/cmake-build-debug/CMakeFiles/CMakeTmp

Run Build Command(s):/usr/bin/make cmTC_8fc8e/fast && /usr/bin/make -f CMakeFiles/cmTC_8fc8e.dir/build.make CMakeFiles/cmTC_8fc8e.dir/build
make[1]: Entering directory '/home/z/CWorkspace/leveldb/cmake-build-debug/CMakeFiles/CMakeTmp'
Building CXX object CMakeFiles/cmTC_8fc8e.dir/src.cxx.o
/usr/bin/c++    -fno-exceptions -fno-rtti -DHAVE_CLANG_THREAD_SAFETY   -Wthread-safety -std=c++11 -o CMakeFiles/cmTC_8fc8e.dir/src.cxx.o -c /home/z/CWorkspace/leveldb/cmake-build-debug/CMakeFiles/CMakeTmp/src.cxx
c++: error: unrecognized command line option '-Wthread-safety'
CMakeFiles/cmTC_8fc8e.dir/build.make:65: recipe for target 'CMakeFiles/cmTC_8fc8e.dir/src.cxx.o' failed
make[1]: *** [CMakeFiles/cmTC_8fc8e.dir/src.cxx.o] Error 1
make[1]: Leaving directory '/home/z/CWorkspace/leveldb/cmake-build-debug/CMakeFiles/CMakeTmp'
Makefile:121: recipe for target 'cmTC_8fc8e/fast' failed
make: *** [cmTC_8fc8e/fast] Error 2


Source file was:
int main() { return 0; }
Performing C SOURCE FILE Test CMAKE_HAVE_LIBC_PTHREAD failed with the following output:
Change Dir: /home/z/CWorkspace/leveldb/cmake-build-debug/CMakeFiles/CMakeTmp

Run Build Command(s):/usr/bin/make cmTC_e4550/fast && /usr/bin/make -f CMakeFiles/cmTC_e4550.dir/build.make CMakeFiles/cmTC_e4550.dir/build
make[1]: Entering directory '/home/z/CWorkspace/leveldb/cmake-build-debug/CMakeFiles/CMakeTmp'
Building C object CMakeFiles/cmTC_e4550.dir/src.c.o
/usr/bin/cc   -Wstrict-prototypes -DCMAKE_HAVE_LIBC_PTHREAD   -std=c11 -o CMakeFiles/cmTC_e4550.dir/src.c.o   -c /home/z/CWorkspace/leveldb/cmake-build-debug/CMakeFiles/CMakeTmp/src.c
Linking C executable cmTC_e4550
/home/z/software/clion-2019.3.3/bin/cmake/linux/bin/cmake -E cmake_link_script CMakeFiles/cmTC_e4550.dir/link.txt --verbose=1
/usr/bin/cc  -Wstrict-prototypes -DCMAKE_HAVE_LIBC_PTHREAD    CMakeFiles/cmTC_e4550.dir/src.c.o  -o cmTC_e4550 
CMakeFiles/cmTC_e4550.dir/src.c.o: In function `main':
src.c:(.text+0x3c): undefined reference to `pthread_create'
src.c:(.text+0x48): undefined reference to `pthread_detach'
src.c:(.text+0x59): undefined reference to `pthread_join'
src.c:(.text+0x6d): undefined reference to `pthread_atfork'
collect2: error: ld returned 1 exit status
CMakeFiles/cmTC_e4550.dir/build.make:86: recipe for target 'cmTC_e4550' failed
make[1]: *** [cmTC_e4550] Error 1
make[1]: Leaving directory '/home/z/CWorkspace/leveldb/cmake-build-debug/CMakeFiles/CMakeTmp'
Makefile:121: recipe for target 'cmTC_e4550/fast' failed
make: *** [cmTC_e4550/fast] Error 2


Source file was:
#include <pthread.h>

void* test_func(void* data)
{
  return data;
}

int main(void)
{
  pthread_t thread;
  pthread_create(&thread, NULL, test_func, NULL);
  pthread_detach(thread);
  pthread_join(thread, NULL);
  pthread_atfork(NULL, NULL, NULL);
  pthread_exit(NULL);

  return 0;
}

Determining if the function pthread_create exists in the pthreads failed with the following output:
Change Dir: /home/z/CWorkspace/leveldb/cmake-build-debug/CMakeFiles/CMakeTmp

Run Build Command(s):/usr/bin/make cmTC_21b76/fast && /usr/bin/make -f CMakeFiles/cmTC_21b76.dir/build.make CMakeFiles/cmTC_21b76.dir/build
make[1]: Entering directory '/home/z/CWorkspace/leveldb/cmake-build-debug/CMakeFiles/CMakeTmp'
Building C object CMakeFiles/cmTC_21b76.dir/CheckFunctionExists.c.o
/usr/bin/cc   -Wstrict-prototypes -DCHECK_FUNCTION_EXISTS=pthread_create   -std=c11 -o CMakeFiles/cmTC_21b76.dir/CheckFunctionExists.c.o   -c /home/z/software/clion-2019.3.3/bin/cmake/linux/share/cmake-3.15/Modules/CheckFunctionExists.c
Linking C executable cmTC_21b76
/home/z/software/clion-2019.3.3/bin/cmake/linux/bin/cmake -E cmake_link_script CMakeFiles/cmTC_21b76.dir/link.txt --verbose=1
/usr/bin/cc  -Wstrict-prototypes -DCHECK_FUNCTION_EXISTS=pthread_create    CMakeFiles/cmTC_21b76.dir/CheckFunctionExists.c.o  -o cmTC_21b76 -lpthreads 
/usr/bin/ld: cannot find -lpthreads
collect2: error: ld returned 1 exit status
CMakeFiles/cmTC_21b76.dir/build.make:86: recipe for target 'cmTC_21b76' failed
make[1]: *** [cmTC_21b76] Error 1
make[1]: Leaving directory '/home/z/CWorkspace/leveldb/cmake-build-debug/CMakeFiles/CMakeTmp'
Makefile:121: recipe for target 'cmTC_21b76/fast' failed
make: *** [cmTC_21b76/fast] Error 2



Performing C++ SOURCE FILE Test HAVE_CXX_FLAG_WSHORTEN_64_TO_32 failed with the following output:
Change Dir: /home/z/CWorkspace/leveldb/cmake-build-debug/CMakeFiles/CMakeTmp

Run Build Command(s):/usr/bin/make cmTC_74e53/fast && /usr/bin/make -f CMakeFiles/cmTC_74e53.dir/build.make CMakeFiles/cmTC_74e53.dir/build
make[1]: Entering directory '/home/z/CWorkspace/leveldb/cmake-build-debug/CMakeFiles/CMakeTmp'
Building CXX object CMakeFiles/cmTC_74e53.dir/src.cxx.o
/usr/bin/c++    -fno-exceptions -fno-rtti  -std=c++11  -Wall  -Wextra  -Wshadow -DHAVE_CXX_FLAG_WSHORTEN_64_TO_32  -Wshorten-64-to-32   -Wshorten-64-to-32 -std=c++11 -o CMakeFiles/cmTC_74e53.dir/src.cxx.o -c /home/z/CWorkspace/leveldb/cmake-build-debug/CMakeFiles/CMakeTmp/src.cxx
c++: error: unrecognized command line option '-Wshorten-64-to-32'
c++: error: unrecognized command line option '-Wshorten-64-to-32'
CMakeFiles/cmTC_74e53.dir/build.make:65: recipe for target 'CMakeFiles/cmTC_74e53.dir/src.cxx.o' failed
make[1]: *** [CMakeFiles/cmTC_74e53.dir/src.cxx.o] Error 1
make[1]: Leaving directory '/home/z/CWorkspace/leveldb/cmake-build-debug/CMakeFiles/CMakeTmp'
Makefile:121: recipe for target 'cmTC_74e53/fast' failed
make: *** [cmTC_74e53/fast] Error 2


Source file was:
int main() { return 0; }
Performing C++ SOURCE FILE Test HAVE_CXX_FLAG_WD654 failed with the following output:
Change Dir: /home/z/CWorkspace/leveldb/cmake-build-debug/CMakeFiles/CMakeTmp

Run Build Command(s):/usr/bin/make cmTC_3288f/fast && /usr/bin/make -f CMakeFiles/cmTC_3288f.dir/build.make CMakeFiles/cmTC_3288f.dir/build
make[1]: Entering directory '/home/z/CWorkspace/leveldb/cmake-build-debug/CMakeFiles/CMakeTmp'
Building CXX object CMakeFiles/cmTC_3288f.dir/src.cxx.o
/usr/bin/c++    -fno-exceptions -fno-rtti  -std=c++11  -Wall  -Wextra  -Wshadow  -fstrict-aliasing  -Wno-deprecated-declarations  -fno-exceptions  -Wstrict-aliasing -DHAVE_CXX_FLAG_WD654  -wd654   -wd654 -std=c++11 -o CMakeFiles/cmTC_3288f.dir/src.cxx.o -c /home/z/CWorkspace/leveldb/cmake-build-debug/CMakeFiles/CMakeTmp/src.cxx
c++: error: unrecognized command line option '-wd654'
c++: error: unrecognized command line option '-wd654'
CMakeFiles/cmTC_3288f.dir/build.make:65: recipe for target 'CMakeFiles/cmTC_3288f.dir/src.cxx.o' failed
make[1]: *** [CMakeFiles/cmTC_3288f.dir/src.cxx.o] Error 1
make[1]: Leaving directory '/home/z/CWorkspace/leveldb/cmake-build-debug/CMakeFiles/CMakeTmp'
Makefile:121: recipe for target 'cmTC_3288f/fast' failed
make: *** [cmTC_3288f/fast] Error 2


Source file was:
int main() { return 0; }
Performing C++ SOURCE FILE Test HAVE_CXX_FLAG_WTHREAD_SAFETY failed with the following output:
Change Dir: /home/z/CWorkspace/leveldb/cmake-build-debug/CMakeFiles/CMakeTmp

Run Build Command(s):/usr/bin/make cmTC_ce0da/fast && /usr/bin/make -f CMakeFiles/cmTC_ce0da.dir/build.make CMakeFiles/cmTC_ce0da.dir/build
make[1]: Entering directory '/home/z/CWorkspace/leveldb/cmake-build-debug/CMakeFiles/CMakeTmp'
Building CXX object CMakeFiles/cmTC_ce0da.dir/src.cxx.o
/usr/bin/c++    -fno-exceptions -fno-rtti  -std=c++11  -Wall  -Wextra  -Wshadow  -fstrict-aliasing  -Wno-deprecated-declarations  -fno-exceptions  -Wstrict-aliasing -DHAVE_CXX_FLAG_WTHREAD_SAFETY  -Wthread-safety   -Wthread-safety -std=c++11 -o CMakeFiles/cmTC_ce0da.dir/src.cxx.o -c /home/z/CWorkspace/leveldb/cmake-build-debug/CMakeFiles/CMakeTmp/src.cxx
c++: error: unrecognized command line option '-Wthread-safety'
c++: error: unrecognized command line option '-Wthread-safety'
CMakeFiles/cmTC_ce0da.dir/build.make:65: recipe for target 'CMakeFiles/cmTC_ce0da.dir/src.cxx.o' failed
make[1]: *** [CMakeFiles/cmTC_ce0da.dir/src.cxx.o] Error 1
make[1]: Leaving directory '/home/z/CWorkspace/leveldb/cmake-build-debug/CMakeFiles/CMakeTmp'
Makefile:121: recipe for target 'cmTC_ce0da/fast' failed
make: *** [cmTC_ce0da/fast] Error 2


Source file was:
int main() { return 0; }
Determining if the function sqlite3_open exists in the sqlite3 failed with the following output:
Change Dir: /home/z/CWorkspace/leveldb/cmake-build-debug/CMakeFiles/CMakeTmp

Run Build Command(s):/usr/bin/make cmTC_2609b/fast && /usr/bin/make -f CMakeFiles/cmTC_2609b.dir/build.make CMakeFiles/cmTC_2609b.dir/build
make[1]: Entering directory '/home/z/CWorkspace/leveldb/cmake-build-debug/CMakeFiles/CMakeTmp'
Building C object CMakeFiles/cmTC_2609b.dir/CheckFunctionExists.c.o
/usr/bin/cc   -Wstrict-prototypes -DCHECK_FUNCTION_EXISTS=sqlite3_open   -std=c11 -o CMakeFiles/cmTC_2609b.dir/CheckFunctionExists.c.o   -c /home/z/software/clion-2019.3.3/bin/cmake/linux/share/cmake-3.15/Modules/CheckFunctionExists.c
Linking C executable cmTC_2609b
/home/z/software/clion-2019.3.3/bin/cmake/linux/bin/cmake -E cmake_link_script CMakeFiles/cmTC_2609b.dir/link.txt --verbose=1
/usr/bin/cc  -Wstrict-prototypes -DCHECK_FUNCTION_EXISTS=sqlite3_open    CMakeFiles/cmTC_2609b.dir/CheckFunctionExists.c.o  -o cmTC_2609b -lsqlite3 
/usr/bin/ld: cannot find -lsqlite3
collect2: error: ld returned 1 exit status
CMakeFiles/cmTC_2609b.dir/build.make:86: recipe for target 'cmTC_2609b' failed
make[1]: *** [cmTC_2609b] Error 1
make[1]: Leaving directory '/home/z/CWorkspace/leveldb/cmake-build-debug/CMakeFiles/CMakeTmp'
Makefile:121: recipe for target 'cmTC_2609b/fast' failed
make: *** [cmTC_2609b/fast] Error 2



Performing C++ SOURCE FILE Test HAVE_KYOTOCABINET failed with the following output:
Change Dir: /home/z/CWorkspace/leveldb/cmake-build-debug/CMakeFiles/CMakeTmp

Run Build Command(s):/usr/bin/make cmTC_88760/fast && /usr/bin/make -f CMakeFiles/cmTC_88760.dir/build.make CMakeFiles/cmTC_88760.dir/build
make[1]: Entering directory '/home/z/CWorkspace/leveldb/cmake-build-debug/CMakeFiles/CMakeTmp'
Building CXX object CMakeFiles/cmTC_88760.dir/src.cxx.o
/usr/bin/c++    -fno-exceptions -fno-rtti -DHAVE_KYOTOCABINET   -std=c++11 -o CMakeFiles/cmTC_88760.dir/src.cxx.o -c /home/z/CWorkspace/leveldb/cmake-build-debug/CMakeFiles/CMakeTmp/src.cxx
/home/z/CWorkspace/leveldb/cmake-build-debug/CMakeFiles/CMakeTmp/src.cxx:2:22: fatal error: kcpolydb.h: No such file or directory
compilation terminated.
CMakeFiles/cmTC_88760.dir/build.make:65: recipe for target 'CMakeFiles/cmTC_88760.dir/src.cxx.o' failed
make[1]: *** [CMakeFiles/cmTC_88760.dir/src.cxx.o] Error 1
make[1]: Leaving directory '/home/z/CWorkspace/leveldb/cmake-build-debug/CMakeFiles/CMakeTmp'
Makefile:121: recipe for target 'cmTC_88760/fast' failed
make: *** [cmTC_88760/fast] Error 2


Source file was:

#include <kcpolydb.h>

int main() {
  kyotocabinet::TreeDB* db = new kyotocabinet::TreeDB();
  delete db;
  return 0;
}
  
